This is pdfTeX, Version 3.14159265-2.6-1.40.21 (TeX Live 2020/Arch Linux) (preloaded format=pdflatex 2021.4.21)  21 APR 2021 22:04
entering extended mode
 restricted \write18 enabled.
 %&-line parsing enabled.
**conference_101719.tex
(./conference_101719.tex
LaTeX2e <2020-10-01> patch level 2
L3 programming layer <2020-12-03> xparse <2020-03-03> (./IEEEtran.cls
Document Class: IEEEtran 2015/08/26 V1.8b by Michael Shell
-- See the "IEEEtran_HOWTO" manual for usage information.
-- http://www.michaelshell.org/tex/ieeetran/
\@IEEEtrantmpdimenA=\dimen138
\@IEEEtrantmpdimenB=\dimen139
\@IEEEtrantmpdimenC=\dimen140
\@IEEEtrantmpcountA=\count177
\@IEEEtrantmpcountB=\count178
\@IEEEtrantmpcountC=\count179
\@IEEEtrantmptoksA=\toks15
LaTeX Font Info:    Trying to load font information for OT1+ptm on input line 5
03.
(/usr/share/texmf-dist/tex/latex/psnfss/ot1ptm.fd
File: ot1ptm.fd 2001/06/04 font definitions for OT1/ptm.
)
-- Using 8.5in x 11in (letter) paper.
-- Using PDF output.
\@IEEEnormalsizeunitybaselineskip=\dimen141
-- This is a 10 point document.
\CLASSINFOnormalsizebaselineskip=\dimen142
\CLASSINFOnormalsizeunitybaselineskip=\dimen143
\IEEEnormaljot=\dimen144
LaTeX Font Info:    Font shape `OT1/ptm/bx/n' in size <5> not available
(Font)              Font shape `OT1/ptm/b/n' tried instead on input line 1090.
LaTeX Font Info:    Font shape `OT1/ptm/bx/it' in size <5> not available
(Font)              Font shape `OT1/ptm/b/it' tried instead on input line 1090.

LaTeX Font Info:    Font shape `OT1/ptm/bx/n' in size <7> not available
(Font)              Font shape `OT1/ptm/b/n' tried instead on input line 1090.
LaTeX Font Info:    Font shape `OT1/ptm/bx/it' in size <7> not available
(Font)              Font shape `OT1/ptm/b/it' tried instead on input line 1090.

LaTeX Font Info:    Font shape `OT1/ptm/bx/n' in size <8> not available
(Font)              Font shape `OT1/ptm/b/n' tried instead on input line 1090.
LaTeX Font Info:    Font shape `OT1/ptm/bx/it' in size <8> not available
(Font)              Font shape `OT1/ptm/b/it' tried instead on input line 1090.

LaTeX Font Info:    Font shape `OT1/ptm/bx/n' in size <9> not available
(Font)              Font shape `OT1/ptm/b/n' tried instead on input line 1090.
LaTeX Font Info:    Font shape `OT1/ptm/bx/it' in size <9> not available
(Font)              Font shape `OT1/ptm/b/it' tried instead on input line 1090.

LaTeX Font Info:    Font shape `OT1/ptm/bx/n' in size <10> not available
(Font)              Font shape `OT1/ptm/b/n' tried instead on input line 1090.
LaTeX Font Info:    Font shape `OT1/ptm/bx/it' in size <10> not available
(Font)              Font shape `OT1/ptm/b/it' tried instead on input line 1090.

LaTeX Font Info:    Font shape `OT1/ptm/bx/n' in size <11> not available
(Font)              Font shape `OT1/ptm/b/n' tried instead on input line 1090.
LaTeX Font Info:    Font shape `OT1/ptm/bx/it' in size <11> not available
(Font)              Font shape `OT1/ptm/b/it' tried instead on input line 1090.

LaTeX Font Info:    Font shape `OT1/ptm/bx/n' in size <12> not available
(Font)              Font shape `OT1/ptm/b/n' tried instead on input line 1090.
LaTeX Font Info:    Font shape `OT1/ptm/bx/it' in size <12> not available
(Font)              Font shape `OT1/ptm/b/it' tried instead on input line 1090.

LaTeX Font Info:    Font shape `OT1/ptm/bx/n' in size <17> not available
(Font)              Font shape `OT1/ptm/b/n' tried instead on input line 1090.
LaTeX Font Info:    Font shape `OT1/ptm/bx/it' in size <17> not available
(Font)              Font shape `OT1/ptm/b/it' tried instead on input line 1090.

LaTeX Font Info:    Font shape `OT1/ptm/bx/n' in size <20> not available
(Font)              Font shape `OT1/ptm/b/n' tried instead on input line 1090.
LaTeX Font Info:    Font shape `OT1/ptm/bx/it' in size <20> not available
(Font)              Font shape `OT1/ptm/b/it' tried instead on input line 1090.

LaTeX Font Info:    Font shape `OT1/ptm/bx/n' in size <24> not available
(Font)              Font shape `OT1/ptm/b/n' tried instead on input line 1090.
LaTeX Font Info:    Font shape `OT1/ptm/bx/it' in size <24> not available
(Font)              Font shape `OT1/ptm/b/it' tried instead on input line 1090.

\IEEEquantizedlength=\dimen145
\IEEEquantizedlengthdiff=\dimen146
\IEEEquantizedtextheightdiff=\dimen147
\IEEEilabelindentA=\dimen148
\IEEEilabelindentB=\dimen149
\IEEEilabelindent=\dimen150
\IEEEelabelindent=\dimen151
\IEEEdlabelindent=\dimen152
\IEEElabelindent=\dimen153
\IEEEiednormlabelsep=\dimen154
\IEEEiedmathlabelsep=\dimen155
\IEEEiedtopsep=\skip47
\c@section=\count180
\c@subsection=\count181
\c@subsubsection=\count182
\c@paragraph=\count183
\c@IEEEsubequation=\count184
\abovecaptionskip=\skip48
\belowcaptionskip=\skip49
\c@figure=\count185
\c@table=\count186
\@IEEEeqnnumcols=\count187
\@IEEEeqncolcnt=\count188
\@IEEEsubeqnnumrollback=\count189
\@IEEEquantizeheightA=\dimen156
\@IEEEquantizeheightB=\dimen157
\@IEEEquantizeheightC=\dimen158
\@IEEEquantizeprevdepth=\dimen159
\@IEEEquantizemultiple=\count190
\@IEEEquantizeboxA=\box47
\@IEEEtmpitemindent=\dimen160
\IEEEPARstartletwidth=\dimen161
\c@IEEEbiography=\count191
\@IEEEtranrubishbin=\box48
)
** ATTENTION: Overriding command lockouts (line 2).
(/usr/share/texmf-dist/tex/latex/cite/cite.sty
LaTeX Info: Redefining \cite on input line 302.
LaTeX Info: Redefining \nocite on input line 332.
Package: cite 2015/02/27  v 5.5
)
(/usr/share/texmf-dist/tex/latex/amsmath/amsmath.sty
Package: amsmath 2020/09/23 v2.17i AMS math features
\@mathmargin=\skip50

For additional information on amsmath, use the `?' option.
(/usr/share/texmf-dist/tex/latex/amsmath/amstext.sty
Package: amstext 2000/06/29 v2.01 AMS text

(/usr/share/texmf-dist/tex/latex/amsmath/amsgen.sty
File: amsgen.sty 1999/11/30 v2.0 generic functions
\@emptytoks=\toks16
\ex@=\dimen162
))
(/usr/share/texmf-dist/tex/latex/amsmath/amsbsy.sty
Package: amsbsy 1999/11/29 v1.2d Bold Symbols
\pmbraise@=\dimen163
)
(/usr/share/texmf-dist/tex/latex/amsmath/amsopn.sty
Package: amsopn 2016/03/08 v2.02 operator names
)
\inf@bad=\count192
LaTeX Info: Redefining \frac on input line 234.
\uproot@=\count193
\leftroot@=\count194
LaTeX Info: Redefining \overline on input line 399.
\classnum@=\count195
\DOTSCASE@=\count196
LaTeX Info: Redefining \ldots on input line 496.
LaTeX Info: Redefining \dots on input line 499.
LaTeX Info: Redefining \cdots on input line 620.
\Mathstrutbox@=\box49
\strutbox@=\box50
\big@size=\dimen164
LaTeX Font Info:    Redeclaring font encoding OML on input line 743.
LaTeX Font Info:    Redeclaring font encoding OMS on input line 744.
\macc@depth=\count197
\c@MaxMatrixCols=\count198
\dotsspace@=\muskip16
\c@parentequation=\count199
\dspbrk@lvl=\count266
\tag@help=\toks17
\row@=\count267
\column@=\count268
\maxfields@=\count269
\andhelp@=\toks18
\eqnshift@=\dimen165
\alignsep@=\dimen166
\tagshift@=\dimen167
\tagwidth@=\dimen168
\totwidth@=\dimen169
\lineht@=\dimen170
\@envbody=\toks19
\multlinegap=\skip51
\multlinetaggap=\skip52
\mathdisplay@stack=\toks20
LaTeX Info: Redefining \[ on input line 2923.
LaTeX Info: Redefining \] on input line 2924.
)
(/usr/share/texmf-dist/tex/latex/amsfonts/amssymb.sty
Package: amssymb 2013/01/14 v3.01 AMS font symbols

(/usr/share/texmf-dist/tex/latex/amsfonts/amsfonts.sty
Package: amsfonts 2013/01/14 v3.01 Basic AMSFonts support
\symAMSa=\mathgroup4
\symAMSb=\mathgroup5
LaTeX Font Info:    Redeclaring math symbol \hbar on input line 98.
LaTeX Font Info:    Overwriting math alphabet `\mathfrak' in version `bold'
(Font)                  U/euf/m/n --> U/euf/b/n on input line 106.
))
(/usr/share/texmf-dist/tex/latex/graphics/graphicx.sty
Package: graphicx 2020/09/09 v1.2b Enhanced LaTeX Graphics (DPC,SPQR)

(/usr/share/texmf-dist/tex/latex/graphics/keyval.sty
Package: keyval 2014/10/28 v1.15 key=value parser (DPC)
\KV@toks@=\toks21
)
(/usr/share/texmf-dist/tex/latex/graphics/graphics.sty
Package: graphics 2020/08/30 v1.4c Standard LaTeX Graphics (DPC,SPQR)

(/usr/share/texmf-dist/tex/latex/graphics/trig.sty
Package: trig 2016/01/03 v1.10 sin cos tan (DPC)
)
(/usr/share/texmf-dist/tex/latex/graphics-cfg/graphics.cfg
File: graphics.cfg 2016/06/04 v1.11 sample graphics configuration
)
Package graphics Info: Driver file: pdftex.def on input line 105.

(/usr/share/texmf-dist/tex/latex/graphics-def/pdftex.def
File: pdftex.def 2020/10/05 v1.2a Graphics/color driver for pdftex
))
\Gin@req@height=\dimen171
\Gin@req@width=\dimen172
)
(/usr/share/texmf-dist/tex/latex/base/textcomp.sty
Package: textcomp 2020/02/02 v2.0n Standard LaTeX package
)
(/usr/share/texmf-dist/tex/latex/xcolor/xcolor.sty
Package: xcolor 2016/05/11 v2.12 LaTeX color extensions (UK)

(/usr/share/texmf-dist/tex/latex/graphics-cfg/color.cfg
File: color.cfg 2016/01/02 v1.6 sample color configuration
)
Package xcolor Info: Driver file: pdftex.def on input line 225.
Package xcolor Info: Model `cmy' substituted by `cmy0' on input line 1348.
Package xcolor Info: Model `hsb' substituted by `rgb' on input line 1352.
Package xcolor Info: Model `RGB' extended on input line 1364.
Package xcolor Info: Model `HTML' substituted by `rgb' on input line 1366.
Package xcolor Info: Model `Hsb' substituted by `hsb' on input line 1367.
Package xcolor Info: Model `tHsb' substituted by `hsb' on input line 1368.
Package xcolor Info: Model `HSB' substituted by `hsb' on input line 1369.
Package xcolor Info: Model `Gray' substituted by `gray' on input line 1370.
Package xcolor Info: Model `wave' substituted by `hsb' on input line 1371.
)
(/usr/share/texmf-dist/tex/latex/multirow/multirow.sty
Package: multirow 2019/05/31 v2.5 Span multiple rows of a table
\multirow@colwidth=\skip53
\multirow@cntb=\count270
\multirow@dima=\skip54
\bigstrutjot=\dimen173
)
(/usr/share/texmf-dist/tex/latex/l3backend/l3backend-pdftex.def
File: l3backend-pdftex.def 2020-09-24 L3 backend support: PDF output (pdfTeX)
\l__kernel_color_stack_int=\count271
\l__pdf_internal_box=\box51
)
(./conference_101719.aux)
LaTeX Font Info:    Checking defaults for OML/cmm/m/it on input line 15.
LaTeX Font Info:    ... okay on input line 15.
LaTeX Font Info:    Checking defaults for OMS/cmsy/m/n on input line 15.
LaTeX Font Info:    ... okay on input line 15.
LaTeX Font Info:    Checking defaults for OT1/cmr/m/n on input line 15.
LaTeX Font Info:    ... okay on input line 15.
LaTeX Font Info:    Checking defaults for T1/cmr/m/n on input line 15.
LaTeX Font Info:    ... okay on input line 15.
LaTeX Font Info:    Checking defaults for TS1/cmr/m/n on input line 15.
LaTeX Font Info:    ... okay on input line 15.
LaTeX Font Info:    Checking defaults for OMX/cmex/m/n on input line 15.
LaTeX Font Info:    ... okay on input line 15.
LaTeX Font Info:    Checking defaults for U/cmr/m/n on input line 15.
LaTeX Font Info:    ... okay on input line 15.

-- Lines per column: 56 (exact).
(/usr/share/texmf-dist/tex/context/base/mkii/supp-pdf.mkii
[Loading MPS to PDF converter (version 2006.09.02).]
\scratchcounter=\count272
\scratchdimen=\dimen174
\scratchbox=\box52
\nofMPsegments=\count273
\nofMParguments=\count274
\everyMPshowfont=\toks22
\MPscratchCnt=\count275
\MPscratchDim=\dimen175
\MPnumerator=\count276
\makeMPintoPDFobject=\count277
\everyMPtoPDFconversion=\toks23
) (/usr/share/texmf-dist/tex/latex/epstopdf-pkg/epstopdf-base.sty
Package: epstopdf-base 2020-01-24 v2.11 Base part for package epstopdf
Package epstopdf-base Info: Redefining graphics rule for `.eps' on input line 4
85.

(/usr/share/texmf-dist/tex/latex/latexconfig/epstopdf-sys.cfg
File: epstopdf-sys.cfg 2010/07/13 v1.3 Configuration of (r)epstopdf for TeX Liv
e
))

LaTeX Warning: Citation `rimmer2017radiologist' on page 1 undefined on input li
ne 47.


LaTeX Warning: Reference `related_work' on page 1 undefined on input line 53.


LaTeX Warning: Reference `dataset' on page 1 undefined on input line 53.


LaTeX Warning: Reference `methodology' on page 1 undefined on input line 53.


LaTeX Warning: Reference `results_and_analysis' on page 1 undefined on input li
ne 53.


LaTeX Warning: Reference `methodology' on page 1 undefined on input line 53.


LaTeX Warning: Reference `future_work' on page 1 undefined on input line 53.


LaTeX Warning: Citation `girshick2014rich' on page 1 undefined on input line 56
.

[1{/var/lib/texmf/fonts/map/pdftex/updmap/pdftex.map}


]

LaTeX Warning: Citation `girshick2015fast' on page 2 undefined on input line 60
.


LaTeX Warning: Citation `ren2015faster' on page 2 undefined on input line 62.


LaTeX Warning: Citation `howard2017mobilenets' on page 2 undefined on input lin
e 64.


LaTeX Warning: Citation `redmon2016you' on page 2 undefined on input line 66.


LaTeX Warning: Citation `nguyen2020vindr' on page 2 undefined on input line 69.


[2]

LaTeX Warning: Reference `fig:numImages' on page 3 undefined on input line 75.

<./Figures//NumImagesPerClassAndRad.png, id=13, 1445.4pt x 722.7pt>
File: ./Figures//NumImagesPerClassAndRad.png Graphic file (type png)
<use ./Figures//NumImagesPerClassAndRad.png>
Package pdftex.def Info: ./Figures//NumImagesPerClassAndRad.png  used on input 
line 78.
(pdftex.def)             Requested size: 201.60077pt x 100.79134pt.
<./Figures//bounding_box_distr-5.png, id=15, 2529.45pt x 1806.75pt>
File: ./Figures//bounding_box_distr-5.png Graphic file (type png)
<use ./Figures//bounding_box_distr-5.png>
Package pdftex.def Info: ./Figures//bounding_box_distr-5.png  used on input lin
e 85.
(pdftex.def)             Requested size: 201.60077pt x 143.99158pt.
<./Figures//DistAvgBrightness.png, id=16, 433.62pt x 289.08pt>
File: ./Figures//DistAvgBrightness.png Graphic file (type png)
<use ./Figures//DistAvgBrightness.png>
Package pdftex.def Info: ./Figures//DistAvgBrightness.png  used on input line 9
2.
(pdftex.def)             Requested size: 201.60077pt x 134.40315pt.

LaTeX Warning: `h' float specifier changed to `ht'.

<./Figures//Distribution_of_image_averages_and_standard_deviations_per_class.pn
g, id=17, 433.62pt x 289.08pt>
File: ./Figures//Distribution_of_image_averages_and_standard_deviations_per_cla
ss.png Graphic file (type png)
<use ./Figures//Distribution_of_image_averages_and_standard_deviations_per_clas
s.png>
Package pdftex.def Info: ./Figures//Distribution_of_image_averages_and_standard
_deviations_per_class.png  used on input line 99.
(pdftex.def)             Requested size: 201.60077pt x 134.40315pt.

LaTeX Warning: `h' float specifier changed to `ht'.

<./Figures//pairplot.png, id=18, 889.3225pt x 889.3225pt>
File: ./Figures//pairplot.png Graphic file (type png)
<use ./Figures//pairplot.png>
Package pdftex.def Info: ./Figures//pairplot.png  used on input line 106.
(pdftex.def)             Requested size: 201.60077pt x 201.59518pt.

LaTeX Warning: `h' float specifier changed to `ht'.

<./Figures//NumClassAppearSameImg.png, id=19, 1300.86pt x 1084.05pt>
File: ./Figures//NumClassAppearSameImg.png Graphic file (type png)
<use ./Figures//NumClassAppearSameImg.png>
Package pdftex.def Info: ./Figures//NumClassAppearSameImg.png  used on input li
ne 113.
(pdftex.def)             Requested size: 201.60077pt x 167.99294pt.

LaTeX Warning: `h' float specifier changed to `ht'.


LaTeX Warning: Reference `fig:distBB' on page 3 undefined on input line 118.


LaTeX Warning: Reference `fig:distImgBrightness' on page 3 undefined on input l
ine 122.

[3 <./Figures//NumImagesPerClassAndRad.png> <./Figures//bounding_box_distr-5.pn
g> <./Figures//DistAvgBrightness.png> <./Figures//Distribution_of_image_average
s_and_standard_deviations_per_class.png>]

LaTeX Warning: Reference `fig:distImgAvgAndStd' on page 4 undefined on input li
ne 126.


LaTeX Warning: Reference `fig:pairplot' on page 4 undefined on input line 128.


LaTeX Warning: Reference `fig:pairplot' on page 4 undefined on input line 128.


LaTeX Warning: Reference `fig:NumTimesClassesAppearSameImg' on page 4 undefined
 on input line 130.


LaTeX Warning: Reference `fig:radiologist_voting' on page 4 undefined on input 
line 137.


LaTeX Warning: Reference `fig:label_decrease' on page 4 undefined on input line
 137.

[4 <./Figures//pairplot.png> <./Figures//NumClassAppearSameImg.png>]

LaTeX Warning: Citation `perez2017effectiveness' on page 5 undefined on input l
ine 140.


LaTeX Warning: Reference `fig:img_preprocessing_aug' on page 5 undefined on inp
ut line 140.


LaTeX Warning: Reference `fig:label_decrease' on page 5 undefined on input line
 143.


LaTeX Warning: Reference `fig:class_distribution' on page 5 undefined on input 
line 143.

<./Figures//radiologist_voting.png, id=32, 571.38469pt x 416.30531pt>
File: ./Figures//radiologist_voting.png Graphic file (type png)
<use ./Figures//radiologist_voting.png>
Package pdftex.def Info: ./Figures//radiologist_voting.png  used on input line 
147.
(pdftex.def)             Requested size: 201.60077pt x 146.88422pt.

LaTeX Warning: `h' float specifier changed to `ht'.

<./Figures//img_preprocessing_aug.png, id=33, 956.07187pt x 289.08pt>
File: ./Figures//img_preprocessing_aug.png Graphic file (type png)
<use ./Figures//img_preprocessing_aug.png>
Package pdftex.def Info: ./Figures//img_preprocessing_aug.png  used on input li
ne 154.
(pdftex.def)             Requested size: 201.60077pt x 60.9556pt.

LaTeX Warning: `h' float specifier changed to `ht'.

<./Figures//label_decrease.png, id=34, 632.3625pt x 586.44093pt>
File: ./Figures//label_decrease.png Graphic file (type png)
<use ./Figures//label_decrease.png>
Package pdftex.def Info: ./Figures//label_decrease.png  used on input line 161.

(pdftex.def)             Requested size: 201.60077pt x 186.95801pt.

LaTeX Warning: `h' float specifier changed to `ht'.

<./Figures//class_distribution.png, id=35, 540.51938pt x 514.92375pt>
File: ./Figures//class_distribution.png Graphic file (type png)
<use ./Figures//class_distribution.png>
Package pdftex.def Info: ./Figures//class_distribution.png  used on input line 
168.
(pdftex.def)             Requested size: 201.60077pt x 192.05093pt.

LaTeX Warning: `h' float specifier changed to `ht'.


LaTeX Warning: Reference `tab:HyperparamVals' on page 5 undefined on input line
 178.


LaTeX Warning: Reference `tab:HyperparamResults' on page 5 undefined on input l
ine 178.


LaTeX Warning: Reference `fig:yolo_tuning' on page 5 undefined on input line 18
0.


LaTeX Warning: No positions in optional float specifier.
               Default added (so using `tbp') on input line 182.

LaTeX Font Info:    Trying to load font information for U+msa on input line 185
.
(/usr/share/texmf-dist/tex/latex/amsfonts/umsa.fd
File: umsa.fd 2013/01/14 v3.01 AMS symbols A
)
LaTeX Font Info:    Trying to load font information for U+msb on input line 185
.

(/usr/share/texmf-dist/tex/latex/amsfonts/umsb.fd
File: umsb.fd 2013/01/14 v3.01 AMS symbols B
)

LaTeX Warning: No positions in optional float specifier.
               Default added (so using `tbp') on input line 195.

! Missing number, treated as zero.
<to be read again> 
                   M
l.205 \end{tabular}}
                    
? 
! Illegal unit of measure (pt inserted).
<to be read again> 
                   M
l.205 \end{tabular}}
                    
? 
! Missing number, treated as zero.
<to be read again> 
                   \relax 
l.205 \end{tabular}}
                    
? 
! Illegal unit of measure (pt inserted).
<to be read again> 
                   \relax 
l.205 \end{tabular}}
                    
? 
! Missing number, treated as zero.
<to be read again> 
                   M
l.205 \end{tabular}}
                    
? 
! Illegal unit of measure (pt inserted).
<to be read again> 
                   M
l.205 \end{tabular}}
                    
? 
! Missing number, treated as zero.
<to be read again> 
                   \relax 
l.205 \end{tabular}}
                    
? 
! Illegal unit of measure (pt inserted).
<to be read again> 
                   \relax 
l.205 \end{tabular}}
                    
? 
! Missing number, treated as zero.
<to be read again> 
                   M
l.205 \end{tabular}}
                    
? 
! Illegal unit of measure (pt inserted).
<to be read again> 
                   M
l.205 \end{tabular}}
                    
? 
! Missing = inserted for \ifdim.
<to be read again> 
                   M
l.205 \end{tabular}}
                    
? 
! Missing number, treated as zero.
<to be read again> 
                   M
l.205 \end{tabular}}
                    
? 
! Illegal unit of measure (pt inserted).
<to be read again> 
                   M
l.205 \end{tabular}}
                    
? 
! Missing number, treated as zero.
<to be read again> 
                   \relax 
l.205 \end{tabular}}
                    
? 
! Illegal unit of measure (pt inserted).
<to be read again> 
                   \relax 
l.205 \end{tabular}}
                    
? 
! Missing number, treated as zero.
<to be read again> 
                   \unskip 
l.205 \end{tabular}}
                    
? 
! Illegal unit of measure (pt inserted).
<to be read again> 
                   \unskip 
l.205 \end{tabular}}
                    
? 

Overfull \vbox (9.0pt too high) detected at line 205
 []

! Missing number, treated as zero.
<to be read again> 
                   M
l.205 \end{tabular}}
                    
? 
! Illegal unit of measure (pt inserted).
<to be read again> 
                   M
l.205 \end{tabular}}
                    
? 
! Missing = inserted for \ifdim.
<to be read again> 
                   M
l.205 \end{tabular}}
                    
? 
! Missing number, treated as zero.
<to be read again> 
                   M
l.205 \end{tabular}}
                    
? 
! Illegal unit of measure (pt inserted).
<to be read again> 
                   M
l.205 \end{tabular}}
                    
? 
! Missing number, treated as zero.
<to be read again> 
                   \relax 
l.205 \end{tabular}}
                    
? 
! Illegal unit of measure (pt inserted).
<to be read again> 
                   \relax 
l.205 \end{tabular}}
                    
? 
! Missing number, treated as zero.
<to be read again> 
                   L
l.205 \end{tabular}}
                    
? 
! Illegal unit of measure (pt inserted).
<to be read again> 
                   L
l.205 \end{tabular}}
                    
? 
! Missing number, treated as zero.
<to be read again> 
                   \relax 
l.205 \end{tabular}}
                    
? 
! Illegal unit of measure (pt inserted).
<to be read again> 
                   \relax 
l.205 \end{tabular}}
                    
? 
! Missing number, treated as zero.
<to be read again> 
                   L
l.205 \end{tabular}}
                    
? 
! Illegal unit of measure (pt inserted).
<to be read again> 
                   L
l.205 \end{tabular}}
                    
? 
! Missing number, treated as zero.
<to be read again> 
                   \relax 
l.205 \end{tabular}}
                    
? 
! Illegal unit of measure (pt inserted).
<to be read again> 
                   \relax 
l.205 \end{tabular}}
                    
? 
! Missing number, treated as zero.
<to be read again> 
                   L
l.205 \end{tabular}}
                    
? 
! Illegal unit of measure (pt inserted).
<to be read again> 
                   L
l.205 \end{tabular}}
                    
? 
! Missing = inserted for \ifdim.
<to be read again> 
                   L
l.205 \end{tabular}}
                    
? 
! Missing number, treated as zero.
<to be read again> 
                   L
l.205 \end{tabular}}
                    
? 
! Illegal unit of measure (pt inserted).
<to be read again> 
                   L
l.205 \end{tabular}}
                    
? 
! Missing number, treated as zero.
<to be read again> 
                   \relax 
l.205 \end{tabular}}
                    
? 
! Illegal unit of measure (pt inserted).
<to be read again> 
                   \relax 
l.205 \end{tabular}}
                    
? 
! Missing number, treated as zero.
<to be read again> 
                   {
l.205 \end{tabular}}
                    
? 
! Illegal unit of measure (pt inserted).
<to be read again> 
                   {
l.205 \end{tabular}}
                    
? 
! Missing } inserted.
<inserted text> 
                }
l.205 \end{tabular}}
                    
? 
! Missing } inserted.
<inserted text> 
                }
l.205 \end{tabular}}
                    
? 
! Missing } inserted.
<inserted text> 
                }
l.205 \end{tabular}}
                    
? 
! Missing \cr inserted.
<inserted text> 
                \cr 
l.205 \end{tabular}}
                    
? 
! Missing { inserted.
<inserted text> 
